IP Upgrade report for teletext-decoder
Thu Jan 23 21:12:11 2025
Quartus Prime Version 19.1.0 Build 670 09/22/2019 SJ Lite Edition


---------------------
; Table of Contents ;
---------------------
  1. Legal Notice
  2. IP Upgrade Summary
  3. Successfully Upgraded IP Components
  4. IP Upgrade Messages



----------------
; Legal Notice ;
----------------
Copyright (C) 2019  Intel Corporation. All rights reserved.
Your use of Intel Corporation's design tools, logic functions 
and other software and tools, and any partner logic 
functions, and any output files from any of the foregoing 
(including device programming or simulation files), and any 
associated documentation or information are expressly subject 
to the terms and conditions of the Intel Program License 
Subscription Agreement, the Intel Quartus Prime License Agreement,
the Intel FPGA IP License Agreement, or other applicable license
agreement, including, without limitation, that your use is for
the sole purpose of programming logic devices manufactured by
Intel and sold by Intel or its authorized distributors.  Please
refer to the applicable agreement for further details, at
https://fpgasoftware.intel.com/eula.



+----------------------------------------------------------------------------+
; IP Upgrade Summary                                                         ;
+------------------------------+---------------------------------------------+
; IP Components Upgrade Status ; Passed - Thu Jan 23 21:12:11 2025           ;
; Quartus Prime Version        ; 19.1.0 Build 670 09/22/2019 SJ Lite Edition ;
; Revision Name                ; teletext-decoder                            ;
; Top-level Entity Name        ; txt_top_level                               ;
; Family                       ; MAX 10                                      ;
+------------------------------+---------------------------------------------+


+----------------------------------------------------------------------------------------------------------------------+
; Successfully Upgraded IP Components                                                                                  ;
+-------------+----------------+---------+----------------------+----------------------+---------------------+---------+
; Entity Name ; Component Name ; Version ; Original Source File ; Generation File Path ; New Source File     ; Message ;
+-------------+----------------+---------+----------------------+----------------------+---------------------+---------+
; obuf        ; ALTIOBUF       ; 18.1    ; ../src/rtl/obuf.qip  ; ../src/rtl/obuf.v    ; ../src/rtl/obuf.qip ;         ;
+-------------+----------------+---------+----------------------+----------------------+---------------------+---------+


+---------------------+
; IP Upgrade Messages ;
+---------------------+
Info (11902): Backing up file "../src/rtl/obuf.v" to "../src/rtl/obuf.BAK.v"
Info (11837): Started upgrading IP component ALTIOBUF with file "../src/rtl/obuf.v"
Info (11131): Completed upgrading IP component ALTIOBUF with file "../src/rtl/obuf.v"
Info (23030): Evaluation of Tcl script c:/intelfpga_lite/19.1/quartus/common/tcl/internal/ip_regen/ip_regen.tcl was successful
Info: Quartus Prime Shell was successful. 0 errors, 0 warnings
    Info: Peak virtual memory: 4855 megabytes
    Info: Processing ended: Thu Jan 23 21:12:11 2025
    Info: Elapsed time: 00:00:06
    Info: Total CPU time (on all processors): 00:00:08


